;  LST file generated by mikroListExporter - v.2.0 
; Date/Time: 15/09/2021 18:41:32
;----------------------------------------------

;Address Opcode 	ASM
0x0000	0xF001EF01  	GOTO        514
0x0004	0x0000      	NOP
0x0006	0x0000      	NOP
0x0008	0xF000EF00  	GOTO        0
0x000C	0x0000      	NOP
0x000E	0x0000      	NOP
0x0010	0x0000      	NOP
0x0012	0x0000      	NOP
0x0014	0x0000      	NOP
0x0016	0x0000      	NOP
0x0018	0xD7F3      	BRA         0
_Delay_1us:
;__Lib_Delays.c,7 :: 		void Delay_1us() {
;__Lib_Delays.c,8 :: 		Delay_us(1);
0x001C	0x0000      	NOP
0x001E	0x0000      	NOP
;__Lib_Delays.c,9 :: 		}
L_end_Delay_1us:
0x0020	0x0012      	RETURN      0
; end of _Delay_1us
_Delay_5500us:
;__Lib_Delays.c,31 :: 		void Delay_5500us() {
;__Lib_Delays.c,32 :: 		Delay_us(5500);
0x0022	0x0E0F      	MOVLW       15
0x0024	0x6E0C      	MOVWF       R12, 0
0x0026	0x0E47      	MOVLW       71
0x0028	0x6E0D      	MOVWF       R13, 0
L_Delay_5500us5:
0x002A	0x2E0D      	DECFSZ      R13, 1, 0
0x002C	0xD7FE      	BRA         L_Delay_5500us5
0x002E	0x2E0C      	DECFSZ      R12, 1, 0
0x0030	0xD7FC      	BRA         L_Delay_5500us5
0x0032	0x0000      	NOP
0x0034	0x0000      	NOP
;__Lib_Delays.c,33 :: 		}
L_end_Delay_5500us:
0x0036	0x0012      	RETURN      0
; end of _Delay_5500us
_Delay_50us:
;__Lib_Delays.c,19 :: 		void Delay_50us() {
;__Lib_Delays.c,20 :: 		Delay_us(50);
0x0038	0x0E21      	MOVLW       33
0x003A	0x6E0D      	MOVWF       R13, 0
L_Delay_50us2:
0x003C	0x2E0D      	DECFSZ      R13, 1, 0
0x003E	0xD7FE      	BRA         L_Delay_50us2
;__Lib_Delays.c,21 :: 		}
L_end_Delay_50us:
0x0040	0x0012      	RETURN      0
; end of _Delay_50us
_Lcd_Cmd:
;__Lib_Lcd.c,18 :: 		
;__Lib_Lcd.c,20 :: 		
0x0042	0xBE50      	BTFSC       FARG_Lcd_Cmd_out_char, 7 
0x0044	0xD002      	BRA         L__Lcd_Cmd21
0x0046	0x9E83      	BCF         lcd_d7, BitPos(lcd_d7+0) 
0x0048	0xD001      	BRA         L__Lcd_Cmd22
L__Lcd_Cmd21:
0x004A	0x8E83      	BSF         lcd_d7, BitPos(lcd_d7+0) 
L__Lcd_Cmd22:
;__Lib_Lcd.c,21 :: 		
0x004C	0xBC50      	BTFSC       FARG_Lcd_Cmd_out_char, 6 
0x004E	0xD002      	BRA         L__Lcd_Cmd23
0x0050	0x9C83      	BCF         lcd_d6, BitPos(lcd_d6+0) 
0x0052	0xD001      	BRA         L__Lcd_Cmd24
L__Lcd_Cmd23:
0x0054	0x8C83      	BSF         lcd_d6, BitPos(lcd_d6+0) 
L__Lcd_Cmd24:
;__Lib_Lcd.c,22 :: 		
0x0056	0xBA50      	BTFSC       FARG_Lcd_Cmd_out_char, 5 
0x0058	0xD002      	BRA         L__Lcd_Cmd25
0x005A	0x9A83      	BCF         lcd_d5, BitPos(lcd_d5+0) 
0x005C	0xD001      	BRA         L__Lcd_Cmd26
L__Lcd_Cmd25:
0x005E	0x8A83      	BSF         lcd_d5, BitPos(lcd_d5+0) 
L__Lcd_Cmd26:
;__Lib_Lcd.c,23 :: 		
0x0060	0xB850      	BTFSC       FARG_Lcd_Cmd_out_char, 4 
0x0062	0xD002      	BRA         L__Lcd_Cmd27
0x0064	0x9883      	BCF         lcd_d4, BitPos(lcd_d4+0) 
0x0066	0xD001      	BRA         L__Lcd_Cmd28
L__Lcd_Cmd27:
0x0068	0x8883      	BSF         lcd_d4, BitPos(lcd_d4+0) 
L__Lcd_Cmd28:
;__Lib_Lcd.c,25 :: 		
0x006A	0xB049      	BTFSC       __Lib_Lcd_cmd_status, BitPos(__Lib_Lcd_cmd_status+0) 
0x006C	0xD002      	BRA         L__Lcd_Cmd29
0x006E	0x8084      	BSF         lcd_rs, BitPos(lcd_rs+0) 
0x0070	0xD001      	BRA         L__Lcd_Cmd30
L__Lcd_Cmd29:
0x0072	0x9084      	BCF         lcd_rs, BitPos(lcd_rs+0) 
L__Lcd_Cmd30:
;__Lib_Lcd.c,28 :: 		
0x0074	0x8484      	BSF         lcd_en, BitPos(lcd_en+0) 
;__Lib_Lcd.c,29 :: 		
0x0076	0xDFD2      	RCALL       _Delay_1us
;__Lib_Lcd.c,30 :: 		
0x0078	0x9484      	BCF         lcd_en, BitPos(lcd_en+0) 
;__Lib_Lcd.c,33 :: 		
0x007A	0xB650      	BTFSC       FARG_Lcd_Cmd_out_char, 3 
0x007C	0xD002      	BRA         L__Lcd_Cmd31
0x007E	0x9E83      	BCF         lcd_d7, BitPos(lcd_d7+0) 
0x0080	0xD001      	BRA         L__Lcd_Cmd32
L__Lcd_Cmd31:
0x0082	0x8E83      	BSF         lcd_d7, BitPos(lcd_d7+0) 
L__Lcd_Cmd32:
;__Lib_Lcd.c,34 :: 		
0x0084	0xB450      	BTFSC       FARG_Lcd_Cmd_out_char, 2 
0x0086	0xD002      	BRA         L__Lcd_Cmd33
0x0088	0x9C83      	BCF         lcd_d6, BitPos(lcd_d6+0) 
0x008A	0xD001      	BRA         L__Lcd_Cmd34
L__Lcd_Cmd33:
0x008C	0x8C83      	BSF         lcd_d6, BitPos(lcd_d6+0) 
L__Lcd_Cmd34:
;__Lib_Lcd.c,35 :: 		
0x008E	0xB250      	BTFSC       FARG_Lcd_Cmd_out_char, 1 
0x0090	0xD002      	BRA         L__Lcd_Cmd35
0x0092	0x9A83      	BCF         lcd_d5, BitPos(lcd_d5+0) 
0x0094	0xD001      	BRA         L__Lcd_Cmd36
L__Lcd_Cmd35:
0x0096	0x8A83      	BSF         lcd_d5, BitPos(lcd_d5+0) 
L__Lcd_Cmd36:
;__Lib_Lcd.c,36 :: 		
0x0098	0xB050      	BTFSC       FARG_Lcd_Cmd_out_char, 0 
0x009A	0xD002      	BRA         L__Lcd_Cmd37
0x009C	0x9883      	BCF         lcd_d4, BitPos(lcd_d4+0) 
0x009E	0xD001      	BRA         L__Lcd_Cmd38
L__Lcd_Cmd37:
0x00A0	0x8883      	BSF         lcd_d4, BitPos(lcd_d4+0) 
L__Lcd_Cmd38:
;__Lib_Lcd.c,38 :: 		
0x00A2	0xB049      	BTFSC       __Lib_Lcd_cmd_status, BitPos(__Lib_Lcd_cmd_status+0) 
0x00A4	0xD002      	BRA         L__Lcd_Cmd39
0x00A6	0x8084      	BSF         lcd_rs, BitPos(lcd_rs+0) 
0x00A8	0xD001      	BRA         L__Lcd_Cmd40
L__Lcd_Cmd39:
0x00AA	0x9084      	BCF         lcd_rs, BitPos(lcd_rs+0) 
L__Lcd_Cmd40:
;__Lib_Lcd.c,40 :: 		
0x00AC	0x8484      	BSF         lcd_en, BitPos(lcd_en+0) 
;__Lib_Lcd.c,41 :: 		
0x00AE	0xDFB6      	RCALL       _Delay_1us
;__Lib_Lcd.c,42 :: 		
0x00B0	0x9484      	BCF         lcd_en, BitPos(lcd_en+0) 
;__Lib_Lcd.c,44 :: 		
0x00B2	0xA049      	BTFSS       __Lib_Lcd_cmd_status, BitPos(__Lib_Lcd_cmd_status+0) 
0x00B4	0xD002      	BRA         L_Lcd_Cmd0
;__Lib_Lcd.c,45 :: 		
0x00B6	0xDFB5      	RCALL       _Delay_5500us
0x00B8	0xD001      	BRA         L_Lcd_Cmd1
L_Lcd_Cmd0:
;__Lib_Lcd.c,47 :: 		
0x00BA	0xDFBE      	RCALL       _Delay_50us
L_Lcd_Cmd1:
;__Lib_Lcd.c,48 :: 		
L_end_Lcd_Cmd:
0x00BC	0x0012      	RETURN      0
; end of _Lcd_Cmd
_Lcd_Chr_CP:
;__Lib_Lcd.c,50 :: 		
;__Lib_Lcd.c,52 :: 		
0x00BE	0x9049      	BCF         __Lib_Lcd_cmd_status, BitPos(__Lib_Lcd_cmd_status+0) 
;__Lib_Lcd.c,53 :: 		
0x00C0	0xF050C04F  	MOVFF       FARG_Lcd_Chr_CP_out_char, FARG_Lcd_Cmd_out_char
0x00C4	0xDFBE      	RCALL       _Lcd_Cmd
;__Lib_Lcd.c,54 :: 		
0x00C6	0x8049      	BSF         __Lib_Lcd_cmd_status, BitPos(__Lib_Lcd_cmd_status+0) 
;__Lib_Lcd.c,55 :: 		
L_end_Lcd_Chr_CP:
0x00C8	0x0012      	RETURN      0
; end of _Lcd_Chr_CP
_config_io:
;Exercicio_1.c,21 :: 		void config_io()
;Exercicio_1.c,23 :: 		TRISB=0X03;
0x00CA	0x0E03      	MOVLW       3
0x00CC	0x6E93      	MOVWF       TRISB 
;Exercicio_1.c,24 :: 		TRISC=0X00;
0x00CE	0x6A94      	CLRF        TRISC 
;Exercicio_1.c,25 :: 		TRISE=0x00; // Configura como Pinos de saída Digital
0x00D0	0x6A96      	CLRF        TRISE 
;Exercicio_1.c,26 :: 		TRISD=0x00; // Configura como Pinos de saída Digital
0x00D2	0x6A95      	CLRF        TRISD 
;Exercicio_1.c,27 :: 		ADCON1=0xFF; // Configura todos os pinos no módulo digital
0x00D4	0x0EFF      	MOVLW       255
0x00D6	0x6EC1      	MOVWF       ADCON1 
;Exercicio_1.c,28 :: 		PORTE.RE1=0; // Seleciona como '0' o pino RE1 (R/W do display de lCD)
0x00D8	0x9284      	BCF         PORTE, 1 
;Exercicio_1.c,29 :: 		PORTD=0x00; // Seleciona como '0' os pinos D0, D1, D2 E D3 para limpar o PORTD (pinos do display de LCD)
0x00DA	0x6A83      	CLRF        PORTD 
;Exercicio_1.c,30 :: 		PORTC=0XFF;
0x00DC	0x0EFF      	MOVLW       255
0x00DE	0x6E82      	MOVWF       PORTC 
;Exercicio_1.c,31 :: 		}
L_end_config_io:
0x00E0	0x0012      	RETURN      0
; end of _config_io
___CC2DW:
;__Lib_System.c,21 :: 		
;__Lib_System.c,23 :: 		
_CC2DL_Loop1:
;__Lib_System.c,24 :: 		
0x00E2	0x0009      	TBLRD*+
;__Lib_System.c,25 :: 		
0x00E4	0xFFE6CFF5  	MOVFF       TABLAT, POSTINC1
;__Lib_System.c,26 :: 		
0x00E8	0x0600      	DECF        R0, 1, 0
;__Lib_System.c,27 :: 		
0x00EA	0xE1FB      	BNZ         _CC2DL_Loop1
;__Lib_System.c,28 :: 		
0x00EC	0x0601      	DECF        R1, 1, 0
;__Lib_System.c,29 :: 		
0x00EE	0xE1F9      	BNZ         _CC2DL_Loop1
;__Lib_System.c,31 :: 		
L_end___CC2DW:
0x00F0	0x0012      	RETURN      0
; end of ___CC2DW
_Lcd_Out:
;__Lib_Lcd.c,184 :: 		
;__Lib_Lcd.c,187 :: 		
0x00F2	0xD00F      	BRA         L_Lcd_Out11
;__Lib_Lcd.c,188 :: 		
L_Lcd_Out13:
0x00F4	0x0E80      	MOVLW       128
0x00F6	0x6E4A      	MOVWF       FARG_Lcd_Out_row 
0x00F8	0xD019      	BRA         L_Lcd_Out12
;__Lib_Lcd.c,189 :: 		
L_Lcd_Out14:
0x00FA	0x0EC0      	MOVLW       192
0x00FC	0x6E4A      	MOVWF       FARG_Lcd_Out_row 
0x00FE	0xD016      	BRA         L_Lcd_Out12
;__Lib_Lcd.c,190 :: 		
L_Lcd_Out15:
0x0100	0x0E94      	MOVLW       148
0x0102	0x6E4A      	MOVWF       FARG_Lcd_Out_row 
0x0104	0xD013      	BRA         L_Lcd_Out12
;__Lib_Lcd.c,191 :: 		
L_Lcd_Out16:
0x0106	0x0ED4      	MOVLW       212
0x0108	0x6E4A      	MOVWF       FARG_Lcd_Out_row 
0x010A	0xD010      	BRA         L_Lcd_Out12
;__Lib_Lcd.c,192 :: 		
L_Lcd_Out17:
0x010C	0x0E80      	MOVLW       128
0x010E	0x6E4A      	MOVWF       FARG_Lcd_Out_row 
;__Lib_Lcd.c,193 :: 		
0x0110	0xD00D      	BRA         L_Lcd_Out12
L_Lcd_Out11:
0x0112	0x504A      	MOVF        FARG_Lcd_Out_row, 0 
0x0114	0x0A01      	XORLW       1
0x0116	0xE0EE      	BZ          L_Lcd_Out13
0x0118	0x504A      	MOVF        FARG_Lcd_Out_row, 0 
0x011A	0x0A02      	XORLW       2
0x011C	0xE0EE      	BZ          L_Lcd_Out14
0x011E	0x504A      	MOVF        FARG_Lcd_Out_row, 0 
0x0120	0x0A03      	XORLW       3
0x0122	0xE0EE      	BZ          L_Lcd_Out15
0x0124	0x504A      	MOVF        FARG_Lcd_Out_row, 0 
0x0126	0x0A04      	XORLW       4
0x0128	0xE0EE      	BZ          L_Lcd_Out16
0x012A	0xD7F0      	BRA         L_Lcd_Out17
L_Lcd_Out12:
;__Lib_Lcd.c,194 :: 		
0x012C	0x044B      	DECF        FARG_Lcd_Out_column, 0 
0x012E	0x6E00      	MOVWF       R0 
0x0130	0x504A      	MOVF        FARG_Lcd_Out_row, 0 
0x0132	0x2600      	ADDWF       R0, 1 
0x0134	0xF04AC000  	MOVFF       R0, FARG_Lcd_Out_row
;__Lib_Lcd.c,196 :: 		
0x0138	0xF050C000  	MOVFF       R0, FARG_Lcd_Cmd_out_char
0x013C	0xDF82      	RCALL       _Lcd_Cmd
;__Lib_Lcd.c,197 :: 		
0x013E	0x9049      	BCF         __Lib_Lcd_cmd_status, BitPos(__Lib_Lcd_cmd_status+0) 
;__Lib_Lcd.c,198 :: 		
0x0140	0x6A4E      	CLRF        Lcd_Out_i_L0 
;__Lib_Lcd.c,199 :: 		
L_Lcd_Out18:
0x0142	0x504E      	MOVF        Lcd_Out_i_L0, 0 
0x0144	0x244C      	ADDWF       FARG_Lcd_Out_text, 0 
0x0146	0x6EE9      	MOVWF       FSR0L 
0x0148	0x0E00      	MOVLW       0
0x014A	0x204D      	ADDWFC      FARG_Lcd_Out_text+1, 0 
0x014C	0x6EEA      	MOVWF       FSR0L+1 
0x014E	0x52EE      	MOVF        POSTINC0, 1 
0x0150	0xE00B      	BZ          L_Lcd_Out19
;__Lib_Lcd.c,200 :: 		
0x0152	0x504E      	MOVF        Lcd_Out_i_L0, 0 
0x0154	0x244C      	ADDWF       FARG_Lcd_Out_text, 0 
0x0156	0x6EE9      	MOVWF       FSR0L 
0x0158	0x0E00      	MOVLW       0
0x015A	0x204D      	ADDWFC      FARG_Lcd_Out_text+1, 0 
0x015C	0x6EEA      	MOVWF       FSR0L+1 
0x015E	0xF04FCFEE  	MOVFF       POSTINC0, FARG_Lcd_Chr_CP_out_char
0x0162	0xDFAD      	RCALL       _Lcd_Chr_CP
0x0164	0x2A4E      	INCF        Lcd_Out_i_L0, 1 
0x0166	0xD7ED      	BRA         L_Lcd_Out18
L_Lcd_Out19:
;__Lib_Lcd.c,201 :: 		
0x0168	0x8049      	BSF         __Lib_Lcd_cmd_status, BitPos(__Lib_Lcd_cmd_status+0) 
;__Lib_Lcd.c,202 :: 		
L_end_Lcd_Out:
0x016A	0x0012      	RETURN      0
; end of _Lcd_Out
_Lcd_Init:
;__Lib_Lcd.c,84 :: 		
;__Lib_Lcd.c,86 :: 		
0x016C	0x9496      	BCF         lcd_en_direction, BitPos(lcd_en_direction+0) 
;__Lib_Lcd.c,87 :: 		
0x016E	0x9096      	BCF         lcd_rs_direction, BitPos(lcd_rs_direction+0) 
;__Lib_Lcd.c,88 :: 		
0x0170	0x9895      	BCF         lcd_d4_direction, BitPos(lcd_d4_direction+0) 
;__Lib_Lcd.c,89 :: 		
0x0172	0x9A95      	BCF         lcd_d5_direction, BitPos(lcd_d5_direction+0) 
;__Lib_Lcd.c,90 :: 		
0x0174	0x9C95      	BCF         lcd_d6_direction, BitPos(lcd_d6_direction+0) 
;__Lib_Lcd.c,91 :: 		
0x0176	0x9E95      	BCF         lcd_d7_direction, BitPos(lcd_d7_direction+0) 
;__Lib_Lcd.c,93 :: 		
0x0178	0x9484      	BCF         lcd_en, BitPos(lcd_en+0) 
;__Lib_Lcd.c,94 :: 		
0x017A	0x9084      	BCF         lcd_rs, BitPos(lcd_rs+0) 
;__Lib_Lcd.c,95 :: 		
0x017C	0x9E83      	BCF         lcd_d7, BitPos(lcd_d7+0) 
;__Lib_Lcd.c,96 :: 		
0x017E	0x9C83      	BCF         lcd_d6, BitPos(lcd_d6+0) 
;__Lib_Lcd.c,97 :: 		
0x0180	0x9A83      	BCF         lcd_d5, BitPos(lcd_d5+0) 
;__Lib_Lcd.c,98 :: 		
0x0182	0x9883      	BCF         lcd_d4, BitPos(lcd_d4+0) 
;__Lib_Lcd.c,100 :: 		
0x0184	0xDF4E      	RCALL       _Delay_5500us
;__Lib_Lcd.c,101 :: 		
0x0186	0xDF4D      	RCALL       _Delay_5500us
;__Lib_Lcd.c,102 :: 		
0x0188	0xDF4C      	RCALL       _Delay_5500us
;__Lib_Lcd.c,105 :: 		
0x018A	0x8A83      	BSF         lcd_d5, BitPos(lcd_d5+0) 
;__Lib_Lcd.c,106 :: 		
0x018C	0x8883      	BSF         lcd_d4, BitPos(lcd_d4+0) 
;__Lib_Lcd.c,107 :: 		
0x018E	0x8484      	BSF         lcd_en, BitPos(lcd_en+0) 
;__Lib_Lcd.c,108 :: 		
0x0190	0xDF45      	RCALL       _Delay_1us
;__Lib_Lcd.c,109 :: 		
0x0192	0x9484      	BCF         lcd_en, BitPos(lcd_en+0) 
;__Lib_Lcd.c,110 :: 		
0x0194	0xDF46      	RCALL       _Delay_5500us
;__Lib_Lcd.c,112 :: 		
0x0196	0x8484      	BSF         lcd_en, BitPos(lcd_en+0) 
;__Lib_Lcd.c,113 :: 		
0x0198	0xDF41      	RCALL       _Delay_1us
;__Lib_Lcd.c,114 :: 		
0x019A	0x9484      	BCF         lcd_en, BitPos(lcd_en+0) 
;__Lib_Lcd.c,115 :: 		
0x019C	0xDF42      	RCALL       _Delay_5500us
;__Lib_Lcd.c,117 :: 		
0x019E	0x8484      	BSF         lcd_en, BitPos(lcd_en+0) 
;__Lib_Lcd.c,118 :: 		
0x01A0	0xDF3D      	RCALL       _Delay_1us
;__Lib_Lcd.c,119 :: 		
0x01A2	0x9484      	BCF         lcd_en, BitPos(lcd_en+0) 
;__Lib_Lcd.c,120 :: 		
0x01A4	0xDF3E      	RCALL       _Delay_5500us
;__Lib_Lcd.c,123 :: 		
0x01A6	0x9883      	BCF         lcd_d4, BitPos(lcd_d4+0) 
;__Lib_Lcd.c,124 :: 		
0x01A8	0x8484      	BSF         lcd_en, BitPos(lcd_en+0) 
;__Lib_Lcd.c,125 :: 		
0x01AA	0xDF38      	RCALL       _Delay_1us
;__Lib_Lcd.c,126 :: 		
0x01AC	0x9484      	BCF         lcd_en, BitPos(lcd_en+0) 
;__Lib_Lcd.c,127 :: 		
0x01AE	0xDF39      	RCALL       _Delay_5500us
;__Lib_Lcd.c,130 :: 		
0x01B0	0x8484      	BSF         lcd_en, BitPos(lcd_en+0) 
;__Lib_Lcd.c,131 :: 		
0x01B2	0xDF34      	RCALL       _Delay_1us
;__Lib_Lcd.c,132 :: 		
0x01B4	0x9484      	BCF         lcd_en, BitPos(lcd_en+0) 
;__Lib_Lcd.c,134 :: 		
0x01B6	0x9A83      	BCF         lcd_d5, BitPos(lcd_d5+0) 
;__Lib_Lcd.c,135 :: 		
0x01B8	0x8E83      	BSF         lcd_d7, BitPos(lcd_d7+0) 
;__Lib_Lcd.c,136 :: 		
0x01BA	0x8484      	BSF         lcd_en, BitPos(lcd_en+0) 
;__Lib_Lcd.c,137 :: 		
0x01BC	0xDF2F      	RCALL       _Delay_1us
;__Lib_Lcd.c,138 :: 		
0x01BE	0x9484      	BCF         lcd_en, BitPos(lcd_en+0) 
;__Lib_Lcd.c,139 :: 		
0x01C0	0xDF30      	RCALL       _Delay_5500us
;__Lib_Lcd.c,142 :: 		
0x01C2	0x9E83      	BCF         lcd_d7, BitPos(lcd_d7+0) 
;__Lib_Lcd.c,143 :: 		
0x01C4	0x8883      	BSF         lcd_d4, BitPos(lcd_d4+0) 
;__Lib_Lcd.c,144 :: 		
0x01C6	0x8484      	BSF         lcd_en, BitPos(lcd_en+0) 
;__Lib_Lcd.c,145 :: 		
0x01C8	0xDF29      	RCALL       _Delay_1us
;__Lib_Lcd.c,146 :: 		
0x01CA	0x9484      	BCF         lcd_en, BitPos(lcd_en+0) 
;__Lib_Lcd.c,148 :: 		
0x01CC	0x9883      	BCF         lcd_d4, BitPos(lcd_d4+0) 
;__Lib_Lcd.c,149 :: 		
0x01CE	0x8484      	BSF         lcd_en, BitPos(lcd_en+0) 
;__Lib_Lcd.c,150 :: 		
0x01D0	0xDF25      	RCALL       _Delay_1us
;__Lib_Lcd.c,151 :: 		
0x01D2	0x9484      	BCF         lcd_en, BitPos(lcd_en+0) 
;__Lib_Lcd.c,152 :: 		
0x01D4	0xDF26      	RCALL       _Delay_5500us
;__Lib_Lcd.c,155 :: 		
0x01D6	0x8484      	BSF         lcd_en, BitPos(lcd_en+0) 
;__Lib_Lcd.c,156 :: 		
0x01D8	0xDF21      	RCALL       _Delay_1us
;__Lib_Lcd.c,157 :: 		
0x01DA	0x9484      	BCF         lcd_en, BitPos(lcd_en+0) 
;__Lib_Lcd.c,159 :: 		
0x01DC	0x8883      	BSF         lcd_d4, BitPos(lcd_d4+0) 
;__Lib_Lcd.c,160 :: 		
0x01DE	0x8484      	BSF         lcd_en, BitPos(lcd_en+0) 
;__Lib_Lcd.c,161 :: 		
0x01E0	0xDF1D      	RCALL       _Delay_1us
;__Lib_Lcd.c,162 :: 		
0x01E2	0x9484      	BCF         lcd_en, BitPos(lcd_en+0) 
;__Lib_Lcd.c,163 :: 		
0x01E4	0xDF1E      	RCALL       _Delay_5500us
;__Lib_Lcd.c,166 :: 		
0x01E6	0x9883      	BCF         lcd_d4, BitPos(lcd_d4+0) 
;__Lib_Lcd.c,167 :: 		
0x01E8	0x8484      	BSF         lcd_en, BitPos(lcd_en+0) 
;__Lib_Lcd.c,168 :: 		
0x01EA	0xDF18      	RCALL       _Delay_1us
;__Lib_Lcd.c,169 :: 		
0x01EC	0x9484      	BCF         lcd_en, BitPos(lcd_en+0) 
;__Lib_Lcd.c,171 :: 		
0x01EE	0x8E83      	BSF         lcd_d7, BitPos(lcd_d7+0) 
;__Lib_Lcd.c,172 :: 		
0x01F0	0x8C83      	BSF         lcd_d6, BitPos(lcd_d6+0) 
;__Lib_Lcd.c,173 :: 		
0x01F2	0x8A83      	BSF         lcd_d5, BitPos(lcd_d5+0) 
;__Lib_Lcd.c,174 :: 		
0x01F4	0x8883      	BSF         lcd_d4, BitPos(lcd_d4+0) 
;__Lib_Lcd.c,175 :: 		
0x01F6	0x8484      	BSF         lcd_en, BitPos(lcd_en+0) 
;__Lib_Lcd.c,176 :: 		
0x01F8	0xDF11      	RCALL       _Delay_1us
;__Lib_Lcd.c,177 :: 		
0x01FA	0x9484      	BCF         lcd_en, BitPos(lcd_en+0) 
;__Lib_Lcd.c,179 :: 		
0x01FC	0xDF12      	RCALL       _Delay_5500us
;__Lib_Lcd.c,181 :: 		
0x01FE	0x8049      	BSF         __Lib_Lcd_cmd_status, BitPos(__Lib_Lcd_cmd_status+0) 
;__Lib_Lcd.c,182 :: 		
L_end_Lcd_Init:
0x0200	0x0012      	RETURN      0
; end of _Lcd_Init
_main:
0x0202	0xF001EC93  	CALL        806, 0
;Exercicio_1.c,33 :: 		void main()
;Exercicio_1.c,35 :: 		config_io();
0x0206	0xDF61      	RCALL       _config_io
;Exercicio_1.c,36 :: 		Lcd_Init(); // Inicia o LCD
0x0208	0xDFB1      	RCALL       _Lcd_Init
;Exercicio_1.c,37 :: 		Lcd_Cmd(_LCD_CLEAR); // Limpa o Display de LCD
0x020A	0x0E01      	MOVLW       1
0x020C	0x6E50      	MOVWF       FARG_Lcd_Cmd_out_char 
0x020E	0xDF19      	RCALL       _Lcd_Cmd
;Exercicio_1.c,38 :: 		Lcd_Cmd(_LCD_CURSOR_OFF); // Desliga o cursor do LCD
0x0210	0x0E0C      	MOVLW       12
0x0212	0x6E50      	MOVWF       FARG_Lcd_Cmd_out_char 
0x0214	0xDF16      	RCALL       _Lcd_Cmd
;Exercicio_1.c,40 :: 		while(1)
L_main0:
;Exercicio_1.c,42 :: 		Lcd_Out(1,1,"Exercicio 1"); // Escreve na linha 1 coluna 1
0x0216	0x0E01      	MOVLW       1
0x0218	0x6E4A      	MOVWF       FARG_Lcd_Out_row 
0x021A	0x0E01      	MOVLW       1
0x021C	0x6E4B      	MOVWF       FARG_Lcd_Out_column 
0x021E	0x0E2E      	MOVLW       ?lstr1_Exercicio_1
0x0220	0x6E4C      	MOVWF       FARG_Lcd_Out_text 
0x0222	0x0E00      	MOVLW       hi_addr(?lstr1_Exercicio_1)
0x0224	0x6E4D      	MOVWF       FARG_Lcd_Out_text+1 
0x0226	0xDF65      	RCALL       _Lcd_Out
;Exercicio_1.c,43 :: 		if (S1==0 && S2==0)
0x0228	0xB081      	BTFSC       PORTB, 0 
0x022A	0xD017      	BRA         L_main4
0x022C	0xB281      	BTFSC       PORTB, 1 
0x022E	0xD015      	BRA         L_main4
L__main20:
;Exercicio_1.c,45 :: 		D1=1;
0x0230	0x8082      	BSF         PORTC, 0 
;Exercicio_1.c,46 :: 		D2=1;
0x0232	0x8282      	BSF         PORTC, 1 
;Exercicio_1.c,47 :: 		Lcd_Out(2,1,"D1=0");
0x0234	0x0E02      	MOVLW       2
0x0236	0x6E4A      	MOVWF       FARG_Lcd_Out_row 
0x0238	0x0E01      	MOVLW       1
0x023A	0x6E4B      	MOVWF       FARG_Lcd_Out_column 
0x023C	0x0E3F      	MOVLW       ?lstr2_Exercicio_1
0x023E	0x6E4C      	MOVWF       FARG_Lcd_Out_text 
0x0240	0x0E00      	MOVLW       hi_addr(?lstr2_Exercicio_1)
0x0242	0x6E4D      	MOVWF       FARG_Lcd_Out_text+1 
0x0244	0xDF56      	RCALL       _Lcd_Out
;Exercicio_1.c,48 :: 		Lcd_Out(2,7,"D2=0");
0x0246	0x0E02      	MOVLW       2
0x0248	0x6E4A      	MOVWF       FARG_Lcd_Out_row 
0x024A	0x0E07      	MOVLW       7
0x024C	0x6E4B      	MOVWF       FARG_Lcd_Out_column 
0x024E	0x0E3A      	MOVLW       ?lstr3_Exercicio_1
0x0250	0x6E4C      	MOVWF       FARG_Lcd_Out_text 
0x0252	0x0E00      	MOVLW       hi_addr(?lstr3_Exercicio_1)
0x0254	0x6E4D      	MOVWF       FARG_Lcd_Out_text+1 
0x0256	0xDF4D      	RCALL       _Lcd_Out
;Exercicio_1.c,50 :: 		}
0x0258	0xD04A      	BRA         L_main5
L_main4:
;Exercicio_1.c,51 :: 		else if (S1==0 && S2==1)
0x025A	0xB081      	BTFSC       PORTB, 0 
0x025C	0xD017      	BRA         L_main8
0x025E	0xA281      	BTFSS       PORTB, 1 
0x0260	0xD015      	BRA         L_main8
L__main19:
;Exercicio_1.c,53 :: 		D1=0;
0x0262	0x9082      	BCF         PORTC, 0 
;Exercicio_1.c,54 :: 		D2=0;
0x0264	0x9282      	BCF         PORTC, 1 
;Exercicio_1.c,55 :: 		Lcd_Out(2,1,"D1=1");
0x0266	0x0E02      	MOVLW       2
0x0268	0x6E4A      	MOVWF       FARG_Lcd_Out_row 
0x026A	0x0E01      	MOVLW       1
0x026C	0x6E4B      	MOVWF       FARG_Lcd_Out_column 
0x026E	0x0E29      	MOVLW       ?lstr4_Exercicio_1
0x0270	0x6E4C      	MOVWF       FARG_Lcd_Out_text 
0x0272	0x0E00      	MOVLW       hi_addr(?lstr4_Exercicio_1)
0x0274	0x6E4D      	MOVWF       FARG_Lcd_Out_text+1 
0x0276	0xDF3D      	RCALL       _Lcd_Out
;Exercicio_1.c,56 :: 		Lcd_Out(2,7,"D2=1");
0x0278	0x0E02      	MOVLW       2
0x027A	0x6E4A      	MOVWF       FARG_Lcd_Out_row 
0x027C	0x0E07      	MOVLW       7
0x027E	0x6E4B      	MOVWF       FARG_Lcd_Out_column 
0x0280	0x0E1A      	MOVLW       ?lstr5_Exercicio_1
0x0282	0x6E4C      	MOVWF       FARG_Lcd_Out_text 
0x0284	0x0E00      	MOVLW       hi_addr(?lstr5_Exercicio_1)
0x0286	0x6E4D      	MOVWF       FARG_Lcd_Out_text+1 
0x0288	0xDF34      	RCALL       _Lcd_Out
;Exercicio_1.c,58 :: 		}
0x028A	0xD031      	BRA         L_main9
L_main8:
;Exercicio_1.c,59 :: 		else if (S1==1 && S2==0)
0x028C	0xA081      	BTFSS       PORTB, 0 
0x028E	0xD017      	BRA         L_main12
0x0290	0xB281      	BTFSC       PORTB, 1 
0x0292	0xD015      	BRA         L_main12
L__main18:
;Exercicio_1.c,61 :: 		D1=1;
0x0294	0x8082      	BSF         PORTC, 0 
;Exercicio_1.c,62 :: 		D2=0;
0x0296	0x9282      	BCF         PORTC, 1 
;Exercicio_1.c,63 :: 		Lcd_Out(2,1,"D1=0");
0x0298	0x0E02      	MOVLW       2
0x029A	0x6E4A      	MOVWF       FARG_Lcd_Out_row 
0x029C	0x0E01      	MOVLW       1
0x029E	0x6E4B      	MOVWF       FARG_Lcd_Out_column 
0x02A0	0x0E15      	MOVLW       ?lstr6_Exercicio_1
0x02A2	0x6E4C      	MOVWF       FARG_Lcd_Out_text 
0x02A4	0x0E00      	MOVLW       hi_addr(?lstr6_Exercicio_1)
0x02A6	0x6E4D      	MOVWF       FARG_Lcd_Out_text+1 
0x02A8	0xDF24      	RCALL       _Lcd_Out
;Exercicio_1.c,64 :: 		Lcd_Out(2,7,"D2=1");
0x02AA	0x0E02      	MOVLW       2
0x02AC	0x6E4A      	MOVWF       FARG_Lcd_Out_row 
0x02AE	0x0E07      	MOVLW       7
0x02B0	0x6E4B      	MOVWF       FARG_Lcd_Out_column 
0x02B2	0x0E24      	MOVLW       ?lstr7_Exercicio_1
0x02B4	0x6E4C      	MOVWF       FARG_Lcd_Out_text 
0x02B6	0x0E00      	MOVLW       hi_addr(?lstr7_Exercicio_1)
0x02B8	0x6E4D      	MOVWF       FARG_Lcd_Out_text+1 
0x02BA	0xDF1B      	RCALL       _Lcd_Out
;Exercicio_1.c,66 :: 		}
0x02BC	0xD018      	BRA         L_main13
L_main12:
;Exercicio_1.c,67 :: 		else if (S1==1 && S2==1)
0x02BE	0xA081      	BTFSS       PORTB, 0 
0x02C0	0xD016      	BRA         L_main16
0x02C2	0xA281      	BTFSS       PORTB, 1 
0x02C4	0xD014      	BRA         L_main16
L__main17:
;Exercicio_1.c,69 :: 		D1=0;
0x02C6	0x9082      	BCF         PORTC, 0 
;Exercicio_1.c,70 :: 		D2=1;
0x02C8	0x8282      	BSF         PORTC, 1 
;Exercicio_1.c,71 :: 		Lcd_Out(2,1,"D1=1");
0x02CA	0x0E02      	MOVLW       2
0x02CC	0x6E4A      	MOVWF       FARG_Lcd_Out_row 
0x02CE	0x0E01      	MOVLW       1
0x02D0	0x6E4B      	MOVWF       FARG_Lcd_Out_column 
0x02D2	0x0E1F      	MOVLW       ?lstr8_Exercicio_1
0x02D4	0x6E4C      	MOVWF       FARG_Lcd_Out_text 
0x02D6	0x0E00      	MOVLW       hi_addr(?lstr8_Exercicio_1)
0x02D8	0x6E4D      	MOVWF       FARG_Lcd_Out_text+1 
0x02DA	0xDF0B      	RCALL       _Lcd_Out
;Exercicio_1.c,72 :: 		Lcd_Out(2,7,"D2=0");
0x02DC	0x0E02      	MOVLW       2
0x02DE	0x6E4A      	MOVWF       FARG_Lcd_Out_row 
0x02E0	0x0E07      	MOVLW       7
0x02E2	0x6E4B      	MOVWF       FARG_Lcd_Out_column 
0x02E4	0x0E44      	MOVLW       ?lstr9_Exercicio_1
0x02E6	0x6E4C      	MOVWF       FARG_Lcd_Out_text 
0x02E8	0x0E00      	MOVLW       hi_addr(?lstr9_Exercicio_1)
0x02EA	0x6E4D      	MOVWF       FARG_Lcd_Out_text+1 
0x02EC	0xDF02      	RCALL       _Lcd_Out
;Exercicio_1.c,74 :: 		}
L_main16:
L_main13:
L_main9:
L_main5:
;Exercicio_1.c,75 :: 		}
0x02EE	0xD793      	BRA         L_main0
;Exercicio_1.c,76 :: 		}
L_end_main:
0x02F0	0xD7FF      	BRA         $+0
; end of _main
0x0326	0xF015EE10  	LFSR        1, 21
0x032A	0x0E34      	MOVLW       52
0x032C	0x6E00      	MOVWF       R0 
0x032E	0x0E01      	MOVLW       1
0x0330	0x6E01      	MOVWF       R1 
0x0332	0x0EF2      	MOVLW       242
0x0334	0x6EF6      	MOVWF       4086 
0x0336	0x0E02      	MOVLW       2
0x0338	0x6EF7      	MOVWF       TBLPTRH 
0x033A	0x0E00      	MOVLW       0
0x033C	0x6EF8      	MOVWF       TBLPTRU 
0x033E	0xF000EC71  	CALL        226, 0
0x0342	0x0012      	RETURN      0
;Exercicio_1.c,0 :: ?ICS?lstr6_Exercicio_1
0x02F2	0x3144 ;?ICS?lstr6_Exercicio_1+0
0x02F4	0x303D ;?ICS?lstr6_Exercicio_1+2
0x02F6	0x00 ;?ICS?lstr6_Exercicio_1+4
; end of ?ICS?lstr6_Exercicio_1
;Exercicio_1.c,0 :: ?ICS?lstr5_Exercicio_1
0x02F7	0x3244 ;?ICS?lstr5_Exercicio_1+0
0x02F9	0x313D ;?ICS?lstr5_Exercicio_1+2
0x02FB	0x00 ;?ICS?lstr5_Exercicio_1+4
; end of ?ICS?lstr5_Exercicio_1
;Exercicio_1.c,0 :: ?ICS?lstr8_Exercicio_1
0x02FC	0x3144 ;?ICS?lstr8_Exercicio_1+0
0x02FE	0x313D ;?ICS?lstr8_Exercicio_1+2
0x0300	0x00 ;?ICS?lstr8_Exercicio_1+4
; end of ?ICS?lstr8_Exercicio_1
;Exercicio_1.c,0 :: ?ICS?lstr7_Exercicio_1
0x0301	0x3244 ;?ICS?lstr7_Exercicio_1+0
0x0303	0x313D ;?ICS?lstr7_Exercicio_1+2
0x0305	0x00 ;?ICS?lstr7_Exercicio_1+4
; end of ?ICS?lstr7_Exercicio_1
;Exercicio_1.c,0 :: ?ICS?lstr4_Exercicio_1
0x0306	0x3144 ;?ICS?lstr4_Exercicio_1+0
0x0308	0x313D ;?ICS?lstr4_Exercicio_1+2
0x030A	0x00 ;?ICS?lstr4_Exercicio_1+4
; end of ?ICS?lstr4_Exercicio_1
;Exercicio_1.c,0 :: ?ICS?lstr1_Exercicio_1
0x030B	0x7845 ;?ICS?lstr1_Exercicio_1+0
0x030D	0x7265 ;?ICS?lstr1_Exercicio_1+2
0x030F	0x6963 ;?ICS?lstr1_Exercicio_1+4
0x0311	0x6963 ;?ICS?lstr1_Exercicio_1+6
0x0313	0x206F ;?ICS?lstr1_Exercicio_1+8
0x0315	0x0031 ;?ICS?lstr1_Exercicio_1+10
; end of ?ICS?lstr1_Exercicio_1
;Exercicio_1.c,0 :: ?ICS?lstr3_Exercicio_1
0x0317	0x3244 ;?ICS?lstr3_Exercicio_1+0
0x0319	0x303D ;?ICS?lstr3_Exercicio_1+2
0x031B	0x00 ;?ICS?lstr3_Exercicio_1+4
; end of ?ICS?lstr3_Exercicio_1
;Exercicio_1.c,0 :: ?ICS?lstr2_Exercicio_1
0x031C	0x3144 ;?ICS?lstr2_Exercicio_1+0
0x031E	0x303D ;?ICS?lstr2_Exercicio_1+2
0x0320	0x00 ;?ICS?lstr2_Exercicio_1+4
; end of ?ICS?lstr2_Exercicio_1
;Exercicio_1.c,0 :: ?ICS?lstr9_Exercicio_1
0x0321	0x3244 ;?ICS?lstr9_Exercicio_1+0
0x0323	0x303D ;?ICS?lstr9_Exercicio_1+2
0x0325	0x00 ;?ICS?lstr9_Exercicio_1+4
; end of ?ICS?lstr9_Exercicio_1
Symbol List:
//** Routines locations **
//ADDRESS    SIZE    PROCEDURE
//----------------------------------------------
0x001C       [6]    _Delay_1us
0x0022      [22]    _Delay_5500us
0x0038      [10]    _Delay_50us
0x0042     [124]    _Lcd_Cmd
0x00BE      [12]    _Lcd_Chr_CP
0x00CA      [24]    _config_io
0x00E2      [16]    ___CC2DW
0x00F2     [122]    _Lcd_Out
0x016C     [150]    _Lcd_Init
0x0202     [240]    _main
//** Variables locations ** 
//ADDRESS    SIZE    VARIABLE
//----------------------------------------------
0x0000       [1]    R0
0x0001       [1]    R1
0x0002       [1]    R2
0x0003       [1]    R3
0x0004       [1]    R4
0x0005       [1]    R5
0x0006       [1]    R6
0x0007       [1]    R7
0x0008       [1]    R8
0x0009       [1]    R9
0x000A       [1]    R10
0x000B       [1]    R11
0x000C       [1]    R12
0x000D       [1]    R13
0x000E       [1]    R14
0x000F       [1]    R15
0x0010       [1]    R16
0x0011       [1]    R17
0x0012       [1]    R18
0x0013       [1]    R19
0x0014       [1]    R20
0x0015       [5]    ?lstr6_Exercicio_1
0x001A       [5]    ?lstr5_Exercicio_1
0x001F       [5]    ?lstr8_Exercicio_1
0x0024       [5]    ?lstr7_Exercicio_1
0x0029       [5]    ?lstr4_Exercicio_1
0x002E      [12]    ?lstr1_Exercicio_1
0x003A       [5]    ?lstr3_Exercicio_1
0x003F       [5]    ?lstr2_Exercicio_1
0x0044       [5]    ?lstr9_Exercicio_1
0x0049       [0]    __Lib_Lcd_cmd_status
0x004A       [1]    FARG_Lcd_Out_row
0x004B       [1]    FARG_Lcd_Out_column
0x004C       [2]    FARG_Lcd_Out_text
0x004E       [1]    Lcd_Out_i_L0
0x004F       [1]    FARG_Lcd_Chr_CP_out_char
0x0050       [1]    FARG_Lcd_Cmd_out_char
0x0F81       [1]    PORTB
0x0F82       [1]    PORTC
0x0F83       [1]    PORTD
0x0F83       [0]    lcd_d4
0x0F83       [0]    lcd_d7
0x0F83       [0]    lcd_d6
0x0F83       [0]    lcd_d5
0x0F83       [0]    RD4_bit
0x0F83       [0]    RD7_bit
0x0F83       [0]    RD6_bit
0x0F83       [0]    RD5_bit
0x0F84       [0]    RE0_bit
0x0F84       [0]    lcd_rs
0x0F84       [0]    RE2_bit
0x0F84       [1]    PORTE
0x0F84       [0]    lcd_en
0x0F93       [1]    TRISB
0x0F94       [1]    TRISC
0x0F95       [0]    lcd_d7_direction
0x0F95       [0]    lcd_d4_direction
0x0F95       [0]    lcd_d5_direction
0x0F95       [0]    lcd_d6_direction
0x0F95       [0]    TRISD6_bit
0x0F95       [0]    TRISD7_bit
0x0F95       [1]    TRISD
0x0F95       [0]    TRISD4_bit
0x0F95       [0]    TRISD5_bit
0x0F96       [0]    lcd_rs_direction
0x0F96       [0]    lcd_en_direction
0x0F96       [0]    TRISE2_bit
0x0F96       [0]    TRISE0_bit
0x0F96       [1]    TRISE
0x0FC1       [1]    ADCON1
0x0FD8       [1]    STATUS
0x0FD9       [1]    FSR2L
0x0FDA       [1]    FSR2H
0x0FDE       [1]    POSTINC2
0x0FE0       [1]    BSR
0x0FE1       [1]    FSR1L
0x0FE2       [1]    FSR1H
0x0FE4       [1]    PREINC1
0x0FE6       [1]    POSTINC1
0x0FE7       [1]    INDF1
0x0FE8       [1]    WREG
0x0FE9       [1]    FSR0L
0x0FEA       [1]    FSR0H
0x0FEE       [1]    POSTINC0
0x0FF3       [1]    PRODL
0x0FF4       [1]    PRODH
0x0FF5       [1]    TABLAT
0x0FF6       [1]    TBLPTRL
0x0FF7       [1]    TBLPTRH
0x0FF8       [1]    TBLPTRU
//** Constants locations ** 
//ADDRESS    SIZE    CONSTANT
//----------------------------------------------
0x02F2       [5]    ?ICS?lstr6_Exercicio_1
0x02F7       [5]    ?ICS?lstr5_Exercicio_1
0x02FC       [5]    ?ICS?lstr8_Exercicio_1
0x0301       [5]    ?ICS?lstr7_Exercicio_1
0x0306       [5]    ?ICS?lstr4_Exercicio_1
0x030B      [12]    ?ICS?lstr1_Exercicio_1
0x0317       [5]    ?ICS?lstr3_Exercicio_1
0x031C       [5]    ?ICS?lstr2_Exercicio_1
0x0321       [5]    ?ICS?lstr9_Exercicio_1
